Arguments: 
  /home/fernando/.nvm/versions/node/v18.15.0/bin/node /home/fernando/.nvm/versions/node/v18.15.0/bin/yarn add express-async-errors--dev cors dotenv express jsonwebtoken pg

PATH: 
  /home/fernando/.nvm/versions/node/v18.15.0/bin:/home/fernando/.local/share/zinit/polaris/bin:/usr/local/sbin:/usr/local/bin:/usr/sbin:/usr/bin:/sbin:/bin:/usr/games:/usr/local/games:/snap/bin:/snap/bin

Yarn version: 
  1.22.19

Node version: 
  18.15.0

Platform: 
  linux x64

Trace: 
  Error: https://registry.yarnpkg.com/express-async-errors--dev: Not found
      at params.callback [as _callback] (/home/fernando/.nvm/versions/node/v18.15.0/lib/node_modules/yarn/lib/cli.js:66145:18)
      at self.callback (/home/fernando/.nvm/versions/node/v18.15.0/lib/node_modules/yarn/lib/cli.js:140890:22)
      at Request.emit (node:events:513:28)
      at Request.<anonymous> (/home/fernando/.nvm/versions/node/v18.15.0/lib/node_modules/yarn/lib/cli.js:141862:10)
      at Request.emit (node:events:513:28)
      at IncomingMessage.<anonymous> (/home/fernando/.nvm/versions/node/v18.15.0/lib/node_modules/yarn/lib/cli.js:141784:12)
      at Object.onceWrapper (node:events:627:28)
      at IncomingMessage.emit (node:events:525:35)
      at endReadableNT (node:internal/streams/readable:1359:12)
      at process.processTicksAndRejections (node:internal/process/task_queues:82:21)

npm manifest: 
  {
    "name": "api-hotelaria",
    "description": "",
    "version": "1.0.0",
    "main": "index.js",
    "scripts": {
      "test": "echo \"Error: no test specified\" && exit 1"
    },
    "keywords": [],
    "author": "",
    "license": "ISC",
    "dependencies": {
      "prisma": "^4.13.0"
    },
    "devDependencies": {
      "@prisma/client": "^4.13.0"
    }
  }

yarn manifest: 
  No manifest

Lockfile: 
  # THIS IS AN AUTOGENERATED FILE. DO NOT EDIT THIS FILE DIRECTLY.
  # yarn lockfile v1
  
  
  "@prisma/client@^4.13.0":
    version "4.13.0"
    resolved "https://registry.yarnpkg.com/@prisma/client/-/client-4.13.0.tgz#271d2b9756503ea17bbdb459c7995536cf2a6191"
    integrity sha512-YaiiICcRB2hatxsbnfB66uWXjcRw3jsZdlAVxmx0cFcTc/Ad/sKdHCcWSnqyDX47vAewkjRFwiLwrOUjswVvmA==
    dependencies:
      "@prisma/engines-version" "4.13.0-50.1e7af066ee9cb95cf3a403c78d9aab3e6b04f37a"
  
  "@prisma/engines-version@4.13.0-50.1e7af066ee9cb95cf3a403c78d9aab3e6b04f37a":
    version "4.13.0-50.1e7af066ee9cb95cf3a403c78d9aab3e6b04f37a"
    resolved "https://registry.yarnpkg.com/@prisma/engines-version/-/engines-version-4.13.0-50.1e7af066ee9cb95cf3a403c78d9aab3e6b04f37a.tgz#ae338908d11685dee50e7683502d75442b955bf9"
    integrity sha512-fsQlbkhPJf08JOzKoyoD9atdUijuGBekwoOPZC3YOygXEml1MTtgXVpnUNchQlRSY82OQ6pSGQ9PxUe4arcSLQ==
  
  "@prisma/engines@4.13.0":
    version "4.13.0"
    resolved "https://registry.yarnpkg.com/@prisma/engines/-/engines-4.13.0.tgz#582a6b90b6efeb0f465984f1fe0e72a4afaaa5ae"
    integrity sha512-HrniowHRZXHuGT9XRgoXEaP2gJLXM5RMoItaY2PkjvuZ+iHc0Zjbm/302MB8YsPdWozAPHHn+jpFEcEn71OgPw==
  
  prisma@^4.13.0:
    version "4.13.0"
    resolved "https://registry.yarnpkg.com/prisma/-/prisma-4.13.0.tgz#0b83f40acf50cd47d7463a135c4e9b275713e602"
    integrity sha512-L9mqjnSmvWIRCYJ9mQkwCtj4+JDYYTdhoyo8hlsHNDXaZLh/b4hR0IoKIBbTKxZuyHQzLopb/+0Rvb69uGV7uA==
    dependencies:
      "@prisma/engines" "4.13.0"
